<?xml version="1.0" encoding="UTF-8" ?>
<testsuite errors="0" failures="0" hostname="HHOLMES-PC" name="RoomTest" skipped="0" tests="3" time="0.115" timestamp="2018-10-16T03:35:13">
  <properties>
[...]
</properties>
  <testcase classname="RoomTest" name="testRoomDynamicsBlowerOn" time="0.001" />
  <testcase classname="RoomTest" name="testRoomDynamicsBlowerOff" time="0.0" />
  <testcase classname="RoomTest" name="testInitialGetTemp" time="0.0" />
  <system-out><![CDATA[]]></system-out>
  <system-err><![CDATA[]]></system-err>
</testsuite>
